<?xml version="1.0" encoding="UTF-8"?>
<!-- Generated by org.testng.reporters.JUnitReportReporter -->
<testsuite hostname="DESKTOP-S344IQT" failures="0" tests="1" name="sauceDemo02.TestBasePack.TC01VerifyLoginFunctionality" time="9.163" errors="0" timestamp="2022-09-05T15:29:26 IST" skipped="0">
  <testcase classname="sauceDemo02.TestBasePack.TC01VerifyLoginFunctionality" name="verifyLogin" time="9.163"/>
  <system-out/>
</testsuite> <!-- sauceDemo02.TestBasePack.TC01VerifyLoginFunctionality -->
