<?xml version="1.0" encoding="UTF-8"?>
<!-- Generated by org.testng.reporters.JUnitReportReporter -->
<testsuite hostname="DESKTOP-S344IQT" failures="0" tests="1" name="extentReport.ExtentReportTestNG" time="6.512" errors="0" timestamp="2022-09-05T09:56:33 IST" skipped="0">
  <testcase classname="extentReport.ExtentReportTestNG" name="test" time="6.512"/>
  <system-out/>
</testsuite> <!-- extentReport.ExtentReportTestNG -->
