<?xml version="1.0" encoding="UTF-8"?>
<!-- Generated by org.testng.reporters.JUnitReportReporter -->
<testsuite hostname="DESKTOP-S344IQT" failures="0" tests="1" name="test.ExtendReportTestNG" time="4.143" errors="0" timestamp="2022-09-03T19:30:00 IST" skipped="0">
  <testcase classname="test.ExtendReportTestNG" name="test" time="4.143"/>
  <system-out/>
</testsuite> <!-- test.ExtendReportTestNG -->
