<?xml version="1.0" encoding="UTF-8"?>
<!-- Generated by org.testng.reporters.JUnitReportReporter -->
<testsuite hostname="DESKTOP-S344IQT" failures="0" tests="1" name="sauceDemo02.TestBasePack.TC03VerifyBagProductAddToCartFunctionality" time="4.588" errors="0" timestamp="2022-09-01T17:02:37 IST" skipped="0">
  <testcase classname="sauceDemo02.TestBasePack.TC03VerifyBagProductAddToCartFunctionality" name="bagProductAddToCart" time="4.588"/>
  <system-out/>
</testsuite> <!-- sauceDemo02.TestBasePack.TC03VerifyBagProductAddToCartFunctionality -->
